<?xml version="1.0" encoding="UTF-8"?>
<!-- Generated by org.testng.reporters.JUnitXMLReporter -->
<testsuite ignored="0" hostname="RONIT" failures="0" tests="3" name="Submit Order Test" time="46.706" errors="0" timestamp="2024-03-17T14:24:53 IST">
  <testcase classname="tests.SubmitOrderTest" name="submitOrder" time="5.93"/>
  <testcase classname="tests.SubmitOrderTest" name="submitOrder" time="8.145"/>
  <testcase classname="tests.SubmitOrderTest" name="OrderHistory" time="1.628"/>
</testsuite> <!-- Submit Order Test -->
